{"target": 0.38265769867278454, "params": {"max_features": 0.8726659654817011, "min_samples_split": 0.14133103011591666, "n_estimators": 624.0030013219334}, "datetime": {"datetime": "2019-08-15 19:20:33", "elapsed": 0.0, "delta": 0.0}}
{"target": 0.4107369589611145, "params": {"max_features": 0.9868255067375606, "min_samples_split": 0.0650436658682619, "n_estimators": 263.69104290806456}, "datetime": {"datetime": "2019-08-15 20:05:47", "elapsed": 2714.257508, "delta": 2714.257508}}
{"target": 0.4262616540459972, "params": {"max_features": 0.5221626971050838, "min_samples_split": 0.026219445411630755, "n_estimators": 178.80094307818862}, "datetime": {"datetime": "2019-08-15 20:24:01", "elapsed": 3807.55903, "delta": 1093.301522}}
{"target": 0.37654664358070195, "params": {"max_features": 0.43418904138850656, "min_samples_split": 0.1606703235593337, "n_estimators": 308.4468875757606}, "datetime": {"datetime": "2019-08-15 20:39:06", "elapsed": 4712.962246, "delta": 905.403216}}
{"target": 0.42775224842652376, "params": {"max_features": 0.715115635313506, "min_samples_split": 0.029398743092204173, "n_estimators": 696.2287336980205}, "datetime": {"datetime": "2019-08-15 22:14:21", "elapsed": 10428.218507, "delta": 5715.256261}}
{"target": 0.3538713001866625, "params": {"max_features": 0.999, "min_samples_split": 0.19999999485247233, "n_estimators": 1000.0}, "datetime": {"datetime": "2019-08-15 23:32:53", "elapsed": 15139.793596, "delta": 4711.575089}}
{"target": 0.38714554787026695, "params": {"max_features": 0.999, "min_samples_split": 0.0010000000000000009, "n_estimators": 10.0}, "datetime": {"datetime": "2019-08-15 23:35:03", "elapsed": 15269.625717, "delta": 129.832121}}
{"target": 0.3753623160815081, "params": {"max_features": 0.9980588374883369, "min_samples_split": 0.1657192289048364, "n_estimators": 849.2972552853133}, "datetime": {"datetime": "2019-08-16 01:03:18", "elapsed": 20564.384213, "delta": 5294.758496}}
{"target": 0.3856408687584565, "params": {"max_features": 0.10059622040645987, "min_samples_split": 0.16328827306971816, "n_estimators": 748.2465548907395}, "datetime": {"datetime": "2019-08-16 01:13:05", "elapsed": 21152.31231, "delta": 587.928097}}
{"target": 0.3890736251305336, "params": {"max_features": 0.9869166448303421, "min_samples_split": 0.1289525953259196, "n_estimators": 88.80521466907689}, "datetime": {"datetime": "2019-08-16 01:24:13", "elapsed": 21819.947507, "delta": 667.635197}}
{"target": 0.4378939921198273, "params": {"max_features": 0.10217901857765659, "min_samples_split": 0.022427861157945508, "n_estimators": 928.7684944755536}, "datetime": {"datetime": "2019-08-16 01:47:09", "elapsed": 23195.790188, "delta": 1375.842681}}
{"target": 0.4129765838220943, "params": {"max_features": 0.9889163540646981, "min_samples_split": 0.06459483236046844, "n_estimators": 461.3900226375435}, "datetime": {"datetime": "2019-08-16 03:03:04", "elapsed": 27750.887289, "delta": 4555.097101}}
{"target": 0.42892113440152907, "params": {"max_features": 0.11981313422009851, "min_samples_split": 0.048466248578307336, "n_estimators": 516.9833683517095}, "datetime": {"datetime": "2019-08-16 03:15:31", "elapsed": 28497.970521, "delta": 747.083232}}
{"target": 0.36951596721533503, "params": {"max_features": 0.10626842748252577, "min_samples_split": 0.1909959170263103, "n_estimators": 215.90402401556426}, "datetime": {"datetime": "2019-08-16 03:18:00", "elapsed": 28646.456688, "delta": 148.486167}}
{"target": 0.359978831986222, "params": {"max_features": 0.9806716895591745, "min_samples_split": 0.19374180246394418, "n_estimators": 137.51841459445615}, "datetime": {"datetime": "2019-08-16 03:29:18", "elapsed": 29324.382296, "delta": 677.925608}}
{"target": 0.4120746589407127, "params": {"max_features": 0.999, "min_samples_split": 0.001, "n_estimators": 394.7055080227157}, "datetime": {"datetime": "2019-08-16 04:48:15", "elapsed": 34062.22889, "delta": 4737.846594}}
{"target": 0.41476873081214477, "params": {"max_features": 0.999, "min_samples_split": 0.001, "n_estimators": 565.2102184499948}, "datetime": {"datetime": "2019-08-16 06:45:13", "elapsed": 41079.486708, "delta": 7017.257818}}
{"target": 0.4256563133206163, "params": {"max_features": 0.1, "min_samples_split": 0.001, "n_estimators": 45.99656772424651}, "datetime": {"datetime": "2019-08-16 06:46:45", "elapsed": 41171.473431, "delta": 91.986723}}
{"target": 0.35372068001482915, "params": {"max_features": 0.999, "min_samples_split": 0.2, "n_estimators": 895.3399690388358}, "datetime": {"datetime": "2019-08-16 07:59:44", "elapsed": 45550.81096, "delta": 4379.337529}}
